<?xml version="1.0" encoding="UTF-8"?>
<testng-results ignored="0" total="1" passed="1" failed="0" skipped="0">
  <reporter-output>
  </reporter-output>
  <suite started-at="2024-05-14T00:31:21 IST" name="Default suite" finished-at="2024-05-14T00:31:28 IST" duration-ms="7612">
    <groups>
    </groups>
    <test started-at="2024-05-14T00:31:21 IST" name="Default test" finished-at="2024-05-14T00:31:28 IST" duration-ms="7612">
      <class name="demo.ValidateJsonREsponseBody">
        <test-method signature="getSingleUser()[pri:0, instance:demo.ValidateJsonREsponseBody@76508ed1]" started-at="2024-05-14T00:31:21 IST" name="getSingleUser" finished-at="2024-05-14T00:31:28 IST" duration-ms="7469" status="PASS">
          <reporter-output>
          </reporter-output>
        </test-method> <!-- getSingleUser -->
      </class> <!-- demo.ValidateJsonREsponseBody -->
    </test> <!-- Default test -->
  </suite> <!-- Default suite -->
</testng-results>
