<?xml version="1.0" encoding="UTF-8"?>
<testng-results ignored="0" total="1" passed="1" failed="0" skipped="0">
  <reporter-output>
  </reporter-output>
  <suite started-at="2024-05-15T16:26:57 IST" name="Default suite" finished-at="2024-05-15T16:27:04 IST" duration-ms="7093">
    <groups>
    </groups>
    <test started-at="2024-05-15T16:26:57 IST" name="Default test" finished-at="2024-05-15T16:27:04 IST" duration-ms="7093">
      <class name="demo.TestBearerToken">
        <test-method signature="bearerToken()[pri:0, instance:demo.TestBearerToken@76508ed1]" started-at="2024-05-15T16:26:57 IST" name="bearerToken" finished-at="2024-05-15T16:27:04 IST" duration-ms="6980" status="PASS">
          <reporter-output>
          </reporter-output>
        </test-method> <!-- bearerToken -->
      </class> <!-- demo.TestBearerToken -->
    </test> <!-- Default test -->
  </suite> <!-- Default suite -->
</testng-results>
